libs/zip_file/build/intermediates/manifest_merge_blame_file/debug/manifest-merger-blame-debug-report.txt
1<?xml version="1.0" encoding="utf-8"?>
2<manifest xmlns:android="http://schemas.android.com/apk/res/android"
3    package="com.android.vending.expansion.zipfile" >
4
5    <uses-sdk
6        android:minSdkVersion="22"
6-->libs/zip_file/AndroidManifest.xml
7        android:targetSdkVersion="30" />
7-->libs/zip_file/AndroidManifest.xml
8
9</manifest>